2020.09.11 22:19:11 INFO  started: Metals version 0.9.3 in workspace 'C:\Users\oh486\docker\rails-vanilla\myapp' for client vscode.
2020.09.11 22:19:12 INFO  time: initialize in 1.86s
2020.09.11 22:19:13 WARN  no build tool detected in workspace 'C:\Users\oh486\docker\rails-vanilla\myapp'. The most common cause for this problem is that the editor was opened in the wrong working directory, for example if you use sbt then the workspace directory should contain build.sbt. 
2020.09.12 00:04:27 INFO  shutting down Metals
2020.09.12 00:09:21 INFO  started: Metals version 0.9.3 in workspace 'C:\Users\oh486\docker\rails-vanilla\myapp' for client vscode.
2020.09.12 00:09:25 INFO  time: initialize in 4.28s
2020.09.12 00:09:27 WARN  no build tool detected in workspace 'C:\Users\oh486\docker\rails-vanilla\myapp'. The most common cause for this problem is that the editor was opened in the wrong working directory, for example if you use sbt then the workspace directory should contain build.sbt. 
2020.09.12 18:00:20 INFO  shutting down Metals
2020.09.13 13:35:36 INFO  started: Metals version 0.9.3 in workspace 'C:\Users\oh486\docker\rails-vanilla\myapp' for client vscode.
2020.09.13 13:35:38 INFO  time: initialize in 1.52s
2020.09.13 13:35:39 WARN  no build tool detected in workspace 'C:\Users\oh486\docker\rails-vanilla\myapp'. The most common cause for this problem is that the editor was opened in the wrong working directory, for example if you use sbt then the workspace directory should contain build.sbt. 
9åé 18, 2020 10:10:16 åﬂå„ org.eclipse.lsp4j.jsonrpc.services.GenericEndpoint notify
èÓïÒ: Unsupported notification method: $/setTraceNotification
2020.09.18 22:10:39 INFO  shutting down Metals
2020.09.23 22:55:08 INFO  started: Metals version 0.9.3 in workspace 'C:\Users\oh486\docker\rails-vanilla\myapp' for client vscode.
2020.09.23 22:55:12 INFO  time: initialize in 3.29s
2020.09.23 22:55:45 WARN  no build tool detected in workspace 'C:\Users\oh486\docker\rails-vanilla\myapp'. The most common cause for this problem is that the editor was opened in the wrong working directory, for example if you use sbt then the workspace directory should contain build.sbt. 
9åé 23, 2020 10:58:32 åﬂå„ org.eclipse.lsp4j.jsonrpc.services.GenericEndpoint notify
èÓïÒ: Unsupported notification method: $/setTraceNotification
9åé 23, 2020 10:58:32 åﬂå„ org.eclipse.lsp4j.jsonrpc.services.GenericEndpoint notify
èÓïÒ: Unsupported notification method: $/setTraceNotification
9åé 23, 2020 10:59:30 åﬂå„ org.eclipse.lsp4j.jsonrpc.services.GenericEndpoint notify
èÓïÒ: Unsupported notification method: $/setTraceNotification
9åé 23, 2020 10:59:30 åﬂå„ org.eclipse.lsp4j.jsonrpc.services.GenericEndpoint notify
èÓïÒ: Unsupported notification method: $/setTraceNotification
9åé 23, 2020 10:59:46 åﬂå„ org.eclipse.lsp4j.jsonrpc.services.GenericEndpoint notify
èÓïÒ: Unsupported notification method: $/setTraceNotification
9åé 23, 2020 10:59:46 åﬂå„ org.eclipse.lsp4j.jsonrpc.services.GenericEndpoint notify
èÓïÒ: Unsupported notification method: $/setTraceNotification
9åé 23, 2020 10:59:54 åﬂå„ org.eclipse.lsp4j.jsonrpc.services.GenericEndpoint notify
èÓïÒ: Unsupported notification method: $/setTraceNotification
9åé 23, 2020 10:59:54 åﬂå„ org.eclipse.lsp4j.jsonrpc.services.GenericEndpoint notify
èÓïÒ: Unsupported notification method: $/setTraceNotification
9åé 23, 2020 10:59:56 åﬂå„ org.eclipse.lsp4j.jsonrpc.services.GenericEndpoint notify
èÓïÒ: Unsupported notification method: $/setTraceNotification
9åé 23, 2020 10:59:56 åﬂå„ org.eclipse.lsp4j.jsonrpc.services.GenericEndpoint notify
èÓïÒ: Unsupported notification method: $/setTraceNotification
9åé 23, 2020 11:00:05 åﬂå„ org.eclipse.lsp4j.jsonrpc.services.GenericEndpoint notify
èÓïÒ: Unsupported notification method: $/setTraceNotification
